0 info it worked if it ends with ok
1 verbose cli [ 'C:\\Program Files\\nodejs\\node.exe',
1 verbose cli   'C:\\Program Files\\nodejs\\node_modules\\npm\\bin\\npm-cli.js',
1 verbose cli   'start' ]
2 info using npm@3.10.10
3 info using node@v6.10.3
4 verbose run-script [ 'prestart', 'start', 'poststart' ]
5 info lifecycle deadass-splash@1.0.0~prestart: deadass-splash@1.0.0
6 silly lifecycle deadass-splash@1.0.0~prestart: no script for prestart, continuing
7 info lifecycle deadass-splash@1.0.0~start: deadass-splash@1.0.0
8 verbose lifecycle deadass-splash@1.0.0~start: unsafe-perm in lifecycle true
9 verbose lifecycle deadass-splash@1.0.0~start: PATH: C:\Program Files\nodejs\node_modules\npm\bin\node-gyp-bin;E:\Computer Science\CS3 Hunter McCallum\Student Files\Javascript\Deadass Splash\node_modules\.bin;C:\ProgramData\Oracle\Java\javapath;C:\Windows\system32;C:\Windows;C:\Windows\System32\Wbem;C:\Windows\System32\WindowsPowerShell\v1.0\;C:\Program Files (x86)\NVIDIA Corporation\PhysX\Common;C:\Windows\system32\config\systemprofile\.dnx\bin;C:\Program Files\Microsoft DNX\Dnvm\;C:\Program Files\Microsoft SQL Server\130\Tools\Binn\;C:\Program Files (x86)\Windows Kits\10\Windows Performance Toolkit\;C:\Program Files\Git\cmd;D:\Programs\PuTTY\;C:\Program Files (x86)\Skype\Phone\;C:\Program Files\nodejs\;C:\Users\Hunter\AppData\Local\Programs\Python\Python36-32\Scripts\;C:\Users\Hunter\AppData\Local\Programs\Python\Python36-32\;C:\Users\Hunter\AppData\Local\Microsoft\WindowsApps;C:\Program Files (x86)\Microsoft VS Code\bin;C:\Users\Hunter\AppData\Roaming\npm
10 verbose lifecycle deadass-splash@1.0.0~start: CWD: E:\Computer Science\CS3 Hunter McCallum\Student Files\Javascript\Deadass Splash
11 silly lifecycle deadass-splash@1.0.0~start: Args: [ '/d /s /c', 'electron .' ]
12 silly lifecycle deadass-splash@1.0.0~start: Returned: code: 1  signal: null
13 info lifecycle deadass-splash@1.0.0~start: Failed to exec start script
14 verbose stack Error: deadass-splash@1.0.0 start: `electron .`
14 verbose stack Exit status 1
14 verbose stack     at EventEmitter.<anonymous> (C:\Program Files\nodejs\node_modules\npm\lib\utils\lifecycle.js:255:16)
14 verbose stack     at emitTwo (events.js:106:13)
14 verbose stack     at EventEmitter.emit (events.js:191:7)
14 verbose stack     at ChildProcess.<anonymous> (C:\Program Files\nodejs\node_modules\npm\lib\utils\spawn.js:40:14)
14 verbose stack     at emitTwo (events.js:106:13)
14 verbose stack     at ChildProcess.emit (events.js:191:7)
14 verbose stack     at maybeClose (internal/child_process.js:886:16)
14 verbose stack     at Process.ChildProcess._handle.onexit (internal/child_process.js:226:5)
15 verbose pkgid deadass-splash@1.0.0
16 verbose cwd E:\Computer Science\CS3 Hunter McCallum\Student Files\Javascript\Deadass Splash
17 error Windows_NT 10.0.14393
18 error argv "C:\\Program Files\\nodejs\\node.exe" "C:\\Program Files\\nodejs\\node_modules\\npm\\bin\\npm-cli.js" "start"
19 error node v6.10.3
20 error npm  v3.10.10
21 error code ELIFECYCLE
22 error deadass-splash@1.0.0 start: `electron .`
22 error Exit status 1
23 error Failed at the deadass-splash@1.0.0 start script 'electron .'.
23 error Make sure you have the latest version of node.js and npm installed.
23 error If you do, this is most likely a problem with the deadass-splash package,
23 error not with npm itself.
23 error Tell the author that this fails on your system:
23 error     electron .
23 error You can get information on how to open an issue for this project with:
23 error     npm bugs deadass-splash
23 error Or if that isn't available, you can get their info via:
23 error     npm owner ls deadass-splash
23 error There is likely additional logging output above.
24 verbose exit [ 1, true ]
